DEBUG 2018-06-18 13:57:14,407: 	 Executing command: 'submit'
DEBUG 2018-06-18 13:57:14,420: 	 Found CRAB cache file /u/user/sangilpark/.crab3
DEBUG 2018-06-18 13:57:14,430: 	 Checking credentials
DEBUG 2018-06-18 13:57:14,431: 	 Found proxy file /u/user/sangilpark/.grid_proxy/x509up_u19046
DEBUG 2018-06-18 13:57:14,431: 	 Getting proxy life time left
DEBUG 2018-06-18 13:57:15,137: 	 Executing : 
 command : voms-proxy-info -file /u/user/sangilpark/.grid_proxy/x509up_u19046 -timeleft
 output : 0

 error: 
 retcode : 0
DEBUG 2018-06-18 13:57:15,137: 	 Proxy valid for 00:00:00 hours
DEBUG 2018-06-18 13:57:15,137: 	 Creating new proxy for 24:00 hours with VO group '' and VO role 'NULL'.
DEBUG 2018-06-18 13:57:23,160: 	 Executing : 
 command : voms-proxy-init -voms cms:/cms -valid 24:00 -rfc
 output : None
 error: None
 retcode : 0
DEBUG 2018-06-18 13:57:23,766: 	 Executing : 
 command : voms-proxy-info -file /u/user/sangilpark/.grid_proxy/x509up_u19046 -timeleft
 output : 86398

 error: 
 retcode : 0
DEBUG 2018-06-18 13:57:24,672: 	 Executing : 
 command : voms-proxy-info -file /u/user/sangilpark/.grid_proxy/x509up_u19046 -actimeleft
 output : 86399

 error: 
 retcode : 0
DEBUG 2018-06-18 13:57:25,278: 	 Executing : 
 command : env X509_USER_PROXY=/u/user/sangilpark/.grid_proxy/x509up_u19046 voms-proxy-info -fqan
 output : /cms/Role=NULL/Capability=NULL

 error: 
 retcode : 0
DEBUG 2018-06-18 13:57:25,279: 	 Proxy created.
DEBUG 2018-06-18 14:01:09,034: 	 Executing command: 'submit'
DEBUG 2018-06-18 14:01:09,038: 	 Found CRAB cache file /u/user/sangilpark/.crab3
DEBUG 2018-06-18 14:01:09,049: 	 Checking credentials
DEBUG 2018-06-18 14:01:09,050: 	 Found proxy file /u/user/sangilpark/.grid_proxy/x509up_u19046
DEBUG 2018-06-18 14:01:09,050: 	 Getting proxy life time left
DEBUG 2018-06-18 14:01:09,656: 	 Executing : 
 command : voms-proxy-info -file /u/user/sangilpark/.grid_proxy/x509up_u19046 -timeleft
 output : 43013

 error: 
 retcode : 0
DEBUG 2018-06-18 14:01:10,563: 	 Executing : 
 command : voms-proxy-info -file /u/user/sangilpark/.grid_proxy/x509up_u19046 -actimeleft
 output : 43013

 error: 
 retcode : 0
DEBUG 2018-06-18 14:01:10,564: 	 Proxy valid for 11:56:53 hours
DEBUG 2018-06-18 14:01:10,565: 	 Will use CRAB Analysis plugin (i.e. will run an analysis job type).
DEBUG 2018-06-18 14:11:07,985: 	 Executing command: 'submit'
DEBUG 2018-06-18 14:11:07,990: 	 Found CRAB cache file /u/user/sangilpark/.crab3
DEBUG 2018-06-18 14:11:08,001: 	 Checking credentials
DEBUG 2018-06-18 14:11:08,002: 	 Found proxy file /u/user/sangilpark/.grid_proxy/x509up_u19046
DEBUG 2018-06-18 14:11:08,002: 	 Getting proxy life time left
DEBUG 2018-06-18 14:11:08,707: 	 Executing : 
 command : voms-proxy-info -file /u/user/sangilpark/.grid_proxy/x509up_u19046 -timeleft
 output : 42414

 error: 
 retcode : 0
DEBUG 2018-06-18 14:11:09,313: 	 Executing : 
 command : voms-proxy-info -file /u/user/sangilpark/.grid_proxy/x509up_u19046 -actimeleft
 output : 42414

 error: 
 retcode : 0
DEBUG 2018-06-18 14:11:09,313: 	 Proxy valid for 11:46:54 hours
DEBUG 2018-06-18 14:11:09,314: 	 Will use CRAB Analysis plugin (i.e. will run an analysis job type).
DEBUG 2018-06-18 14:27:48,623: 	 Executing command: 'submit'
DEBUG 2018-06-18 14:27:48,632: 	 Found CRAB cache file /u/user/sangilpark/.crab3
DEBUG 2018-06-18 14:27:48,643: 	 Checking credentials
DEBUG 2018-06-18 14:27:48,644: 	 Found proxy file /u/user/sangilpark/.grid_proxy/x509up_u19046
DEBUG 2018-06-18 14:27:48,644: 	 Getting proxy life time left
DEBUG 2018-06-18 14:27:49,751: 	 Executing : 
 command : voms-proxy-info -file /u/user/sangilpark/.grid_proxy/x509up_u19046 -timeleft
 output : 41413

 error: 
 retcode : 0
DEBUG 2018-06-18 14:27:50,356: 	 Executing : 
 command : voms-proxy-info -file /u/user/sangilpark/.grid_proxy/x509up_u19046 -actimeleft
 output : 41413

 error: 
 retcode : 0
DEBUG 2018-06-18 14:27:50,357: 	 Proxy valid for 11:30:13 hours
DEBUG 2018-06-18 14:27:50,358: 	 Will use CRAB Analysis plugin (i.e. will run an analysis job type).
DEBUG 2018-06-18 15:04:40,388: 	 Executing command: 'submit'
DEBUG 2018-06-18 15:04:40,399: 	 Found CRAB cache file /u/user/sangilpark/.crab3
DEBUG 2018-06-18 15:04:40,410: 	 Checking credentials
DEBUG 2018-06-18 15:04:40,411: 	 Found proxy file /u/user/sangilpark/.grid_proxy/x509up_u19046
DEBUG 2018-06-18 15:04:40,412: 	 Getting proxy life time left
DEBUG 2018-06-18 15:04:41,117: 	 Executing : 
 command : voms-proxy-info -file /u/user/sangilpark/.grid_proxy/x509up_u19046 -timeleft
 output : 39201

 error: 
 retcode : 0
DEBUG 2018-06-18 15:04:41,723: 	 Executing : 
 command : voms-proxy-info -file /u/user/sangilpark/.grid_proxy/x509up_u19046 -actimeleft
 output : 39202

 error: 
 retcode : 0
DEBUG 2018-06-18 15:04:41,724: 	 Proxy valid for 10:53:21 hours
DEBUG 2018-06-18 15:04:41,725: 	 Will use CRAB Analysis plugin (i.e. will run an analysis job type).
DEBUG 2018-06-18 15:42:42,136: 	 Executing command: 'submit'
DEBUG 2018-06-18 15:42:42,140: 	 Found CRAB cache file /u/user/sangilpark/.crab3
DEBUG 2018-06-18 15:42:42,151: 	 Checking credentials
DEBUG 2018-06-18 15:42:42,152: 	 Found proxy file /u/user/sangilpark/.grid_proxy/x509up_u19046
DEBUG 2018-06-18 15:42:42,152: 	 Getting proxy life time left
DEBUG 2018-06-18 15:42:42,757: 	 Executing : 
 command : voms-proxy-info -file /u/user/sangilpark/.grid_proxy/x509up_u19046 -timeleft
 output : 36920

 error: 
 retcode : 0
DEBUG 2018-06-18 15:42:43,364: 	 Executing : 
 command : voms-proxy-info -file /u/user/sangilpark/.grid_proxy/x509up_u19046 -actimeleft
 output : 36920

 error: 
 retcode : 0
DEBUG 2018-06-18 15:42:43,364: 	 Proxy valid for 10:15:20 hours
DEBUG 2018-06-18 15:42:43,365: 	 Will use CRAB Analysis plugin (i.e. will run an analysis job type).
DEBUG 2018-06-18 16:00:43,730: 	 Executing command: 'submit'
DEBUG 2018-06-18 16:00:43,731: 	 Found CRAB cache file /u/user/sangilpark/.crab3
DEBUG 2018-06-18 16:00:43,741: 	 Checking credentials
DEBUG 2018-06-18 16:00:43,742: 	 Found proxy file /u/user/sangilpark/.grid_proxy/x509up_u19046
DEBUG 2018-06-18 16:00:43,742: 	 Getting proxy life time left
DEBUG 2018-06-18 16:00:44,447: 	 Executing : 
 command : voms-proxy-info -file /u/user/sangilpark/.grid_proxy/x509up_u19046 -timeleft
 output : 35838

 error: 
 retcode : 0
DEBUG 2018-06-18 16:00:45,053: 	 Executing : 
 command : voms-proxy-info -file /u/user/sangilpark/.grid_proxy/x509up_u19046 -actimeleft
 output : 35838

 error: 
 retcode : 0
DEBUG 2018-06-18 16:00:45,053: 	 Proxy valid for 09:57:18 hours
INFO 2018-06-18 16:00:45,053: 	 Will use CRAB configuration file ../ssbanalyzer_cfg.py
DEBUG 2018-06-18 16:00:45,054: 	 Loading CRAB configuration file.
ERROR 2018-06-18 16:00:46,404: 	 Error while loading CRAB configuration:
Unable to find a Configuration object instance in file:
/u/user/sangilpark/WorkDir/CP_Violation/CMSSW_9_4_6_patch1/src/CMSAnalyses/SSBAnalyzer/test/ssbanalyzer_cfg.py

Please refer to https://twiki.cern.ch/twiki/bin/view/CMSPublic/CRAB3CommonErrors#Syntax_error_in_CRAB_configurati
See the ./crab.log file for more details.
The documentation about the CRAB configuration file can be found in https://twiki.cern.ch/twiki/bin/view/CMSPublic/CRAB3ConfigurationFile
ERROR 2018-06-18 16:00:46,405: 	 Caught exception
Traceback (most recent call last):
  File "/cvmfs/cms.cern.ch/crab3/slc6_amd64_gcc493/cms/crabclient/3.3.1805.patch1/bin/crab", line 160, in <module>
    client()
  File "/cvmfs/cms.cern.ch/crab3/slc6_amd64_gcc493/cms/crabclient/3.3.1805.patch1/bin/crab", line 146, in __call__
    self.cmd = sub_cmd(self.logger, args[1:])
  File "/cvmfs/cms.cern.ch/crab3/slc6_amd64_gcc493/cms/crabclient/3.3.1805.patch1/lib/python2.7/site-packages/CRABClient/Commands/submit.py", line 34, in __init__
    SubCommand.__init__(self, logger, cmdargs, disable_interspersed_args=True)
  File "/cvmfs/cms.cern.ch/crab3/slc6_amd64_gcc493/cms/crabclient/3.3.1805.patch1/lib/python2.7/site-packages/CRABClient/Commands/SubCommand.py", line 303, in __init__
    self.loadConfig(self.options.config, self.args)
  File "/cvmfs/cms.cern.ch/crab3/slc6_amd64_gcc493/cms/crabclient/3.3.1805.patch1/lib/python2.7/site-packages/CRABClient/Commands/SubCommand.py", line 84, in loadConfig
    raise ConfigurationException(configmsg)
ConfigurationException: Error while loading CRAB configuration:
Unable to find a Configuration object instance in file:
/u/user/sangilpark/WorkDir/CP_Violation/CMSSW_9_4_6_patch1/src/CMSAnalyses/SSBAnalyzer/test/ssbanalyzer_cfg.py

Please refer to https://twiki.cern.ch/twiki/bin/view/CMSPublic/CRAB3CommonErrors#Syntax_error_in_CRAB_configurati
See the ./crab.log file for more details.
The documentation about the CRAB configuration file can be found in https://twiki.cern.ch/twiki/bin/view/CMSPublic/CRAB3ConfigurationFile
DEBUG 2018-06-18 16:01:42,846: 	 Executing command: 'submit'
DEBUG 2018-06-18 16:01:42,847: 	 Found CRAB cache file /u/user/sangilpark/.crab3
DEBUG 2018-06-18 16:01:42,855: 	 Checking credentials
DEBUG 2018-06-18 16:01:42,855: 	 Found proxy file /u/user/sangilpark/.grid_proxy/x509up_u19046
DEBUG 2018-06-18 16:01:42,855: 	 Getting proxy life time left
DEBUG 2018-06-18 16:01:43,461: 	 Executing : 
 command : voms-proxy-info -file /u/user/sangilpark/.grid_proxy/x509up_u19046 -timeleft
 output : 35779

 error: 
 retcode : 0
DEBUG 2018-06-18 16:01:44,969: 	 Executing : 
 command : voms-proxy-info -file /u/user/sangilpark/.grid_proxy/x509up_u19046 -actimeleft
 output : 35779

 error: 
 retcode : 0
DEBUG 2018-06-18 16:01:44,969: 	 Proxy valid for 09:56:19 hours
INFO 2018-06-18 16:01:44,969: 	 Will use CRAB configuration file crab.py
DEBUG 2018-06-18 16:01:44,969: 	 Loading CRAB configuration file.
ERROR 2018-06-18 16:01:44,978: 	 Invalid CRAB configuration: Parameter JobType.allowNonProductionCMSSW has been renamed to JobType.allowUndistributedCMSSW starting from CRAB v3.3.16; please change your configuration file accordingly.
The documentation about the CRAB configuration file can be found in https://twiki.cern.ch/twiki/bin/view/CMSPublic/CRAB3ConfigurationFile
ERROR 2018-06-18 16:01:44,978: 	 Caught exception
Traceback (most recent call last):
  File "/cvmfs/cms.cern.ch/crab3/slc6_amd64_gcc493/cms/crabclient/3.3.1805.patch1/bin/crab", line 160, in <module>
    client()
  File "/cvmfs/cms.cern.ch/crab3/slc6_amd64_gcc493/cms/crabclient/3.3.1805.patch1/bin/crab", line 146, in __call__
    self.cmd = sub_cmd(self.logger, args[1:])
  File "/cvmfs/cms.cern.ch/crab3/slc6_amd64_gcc493/cms/crabclient/3.3.1805.patch1/lib/python2.7/site-packages/CRABClient/Commands/submit.py", line 34, in __init__
    SubCommand.__init__(self, logger, cmdargs, disable_interspersed_args=True)
  File "/cvmfs/cms.cern.ch/crab3/slc6_amd64_gcc493/cms/crabclient/3.3.1805.patch1/lib/python2.7/site-packages/CRABClient/Commands/SubCommand.py", line 303, in __init__
    self.loadConfig(self.options.config, self.args)
  File "/cvmfs/cms.cern.ch/crab3/slc6_amd64_gcc493/cms/crabclient/3.3.1805.patch1/lib/python2.7/site-packages/CRABClient/Commands/SubCommand.py", line 89, in loadConfig
    raise ConfigurationException(configmsg)
ConfigurationException: Invalid CRAB configuration: Parameter JobType.allowNonProductionCMSSW has been renamed to JobType.allowUndistributedCMSSW starting from CRAB v3.3.16; please change your configuration file accordingly.
The documentation about the CRAB configuration file can be found in https://twiki.cern.ch/twiki/bin/view/CMSPublic/CRAB3ConfigurationFile
DEBUG 2018-06-19 14:25:07,662: 	 Executing command: 'status'
DEBUG 2018-06-19 14:25:07,663: 	 Found CRAB cache file /u/user/sangilpark/.crab3
ERROR 2018-06-19 14:25:07,664: 	 Error: crabdir/crab_TTTo2L2Nu//crab.log is not a valid CRAB project directory.
ERROR 2018-06-19 14:25:07,664: 	 Caught exception
Traceback (most recent call last):
  File "/cvmfs/cms.cern.ch/crab3/slc6_amd64_gcc493/cms/crabclient/3.3.1805.patch1/bin/crab", line 160, in <module>
    client()
  File "/cvmfs/cms.cern.ch/crab3/slc6_amd64_gcc493/cms/crabclient/3.3.1805.patch1/bin/crab", line 146, in __call__
    self.cmd = sub_cmd(self.logger, args[1:])
  File "/cvmfs/cms.cern.ch/crab3/slc6_amd64_gcc493/cms/crabclient/3.3.1805.patch1/lib/python2.7/site-packages/CRABClient/Commands/status.py", line 39, in __init__
    SubCommand.__init__(self, logger, cmdargs)
  File "/cvmfs/cms.cern.ch/crab3/slc6_amd64_gcc493/cms/crabclient/3.3.1805.patch1/lib/python2.7/site-packages/CRABClient/Commands/SubCommand.py", line 262, in __init__
    self.validateOptions()
  File "/cvmfs/cms.cern.ch/crab3/slc6_amd64_gcc493/cms/crabclient/3.3.1805.patch1/lib/python2.7/site-packages/CRABClient/Commands/status.py", line 1019, in validateOptions
    SubCommand.validateOptions(self)
  File "/cvmfs/cms.cern.ch/crab3/slc6_amd64_gcc493/cms/crabclient/3.3.1805.patch1/lib/python2.7/site-packages/CRABClient/Commands/SubCommand.py", line 575, in validateOptions
    raise ConfigurationException(msg)
ConfigurationException: [91mError[0m: crabdir/crab_TTTo2L2Nu//crab.log is not a valid CRAB project directory.
DEBUG 2018-06-19 14:25:08,227: 	 Executing command: 'status'
DEBUG 2018-06-19 14:25:08,228: 	 Found CRAB cache file /u/user/sangilpark/.crab3
ERROR 2018-06-19 14:25:08,229: 	 Cannot find .requestcache file in CRAB project directory /u/user/sangilpark/WorkDir/CP_Violation/CMSSW_9_4_6_patch1/src/CMSAnalyses/SSBAnalyzer/test/crab/crabdir/crab_TTTo2L2Nu/inputs
ERROR 2018-06-19 14:25:08,229: 	 Caught exception
Traceback (most recent call last):
  File "/cvmfs/cms.cern.ch/crab3/slc6_amd64_gcc493/cms/crabclient/3.3.1805.patch1/bin/crab", line 160, in <module>
    client()
  File "/cvmfs/cms.cern.ch/crab3/slc6_amd64_gcc493/cms/crabclient/3.3.1805.patch1/bin/crab", line 146, in __call__
    self.cmd = sub_cmd(self.logger, args[1:])
  File "/cvmfs/cms.cern.ch/crab3/slc6_amd64_gcc493/cms/crabclient/3.3.1805.patch1/lib/python2.7/site-packages/CRABClient/Commands/status.py", line 39, in __init__
    SubCommand.__init__(self, logger, cmdargs)
  File "/cvmfs/cms.cern.ch/crab3/slc6_amd64_gcc493/cms/crabclient/3.3.1805.patch1/lib/python2.7/site-packages/CRABClient/Commands/SubCommand.py", line 262, in __init__
    self.validateOptions()
  File "/cvmfs/cms.cern.ch/crab3/slc6_amd64_gcc493/cms/crabclient/3.3.1805.patch1/lib/python2.7/site-packages/CRABClient/Commands/status.py", line 1019, in validateOptions
    SubCommand.validateOptions(self)
  File "/cvmfs/cms.cern.ch/crab3/slc6_amd64_gcc493/cms/crabclient/3.3.1805.patch1/lib/python2.7/site-packages/CRABClient/Commands/SubCommand.py", line 580, in validateOptions
    self.loadLocalCache()
  File "/cvmfs/cms.cern.ch/crab3/slc6_amd64_gcc493/cms/crabclient/3.3.1805.patch1/lib/python2.7/site-packages/CRABClient/Commands/SubCommand.py", line 441, in loadLocalCache
    raise ex
CachefileNotFoundException: Cannot find .requestcache file in CRAB project directory /u/user/sangilpark/WorkDir/CP_Violation/CMSSW_9_4_6_patch1/src/CMSAnalyses/SSBAnalyzer/test/crab/crabdir/crab_TTTo2L2Nu/inputs
DEBUG 2018-06-19 14:25:08,787: 	 Executing command: 'status'
DEBUG 2018-06-19 14:25:08,787: 	 Found CRAB cache file /u/user/sangilpark/.crab3
ERROR 2018-06-19 14:25:08,789: 	 Cannot find .requestcache file in CRAB project directory /u/user/sangilpark/WorkDir/CP_Violation/CMSSW_9_4_6_patch1/src/CMSAnalyses/SSBAnalyzer/test/crab/crabdir/crab_TTTo2L2Nu/results
ERROR 2018-06-19 14:25:08,789: 	 Caught exception
Traceback (most recent call last):
  File "/cvmfs/cms.cern.ch/crab3/slc6_amd64_gcc493/cms/crabclient/3.3.1805.patch1/bin/crab", line 160, in <module>
    client()
  File "/cvmfs/cms.cern.ch/crab3/slc6_amd64_gcc493/cms/crabclient/3.3.1805.patch1/bin/crab", line 146, in __call__
    self.cmd = sub_cmd(self.logger, args[1:])
  File "/cvmfs/cms.cern.ch/crab3/slc6_amd64_gcc493/cms/crabclient/3.3.1805.patch1/lib/python2.7/site-packages/CRABClient/Commands/status.py", line 39, in __init__
    SubCommand.__init__(self, logger, cmdargs)
  File "/cvmfs/cms.cern.ch/crab3/slc6_amd64_gcc493/cms/crabclient/3.3.1805.patch1/lib/python2.7/site-packages/CRABClient/Commands/SubCommand.py", line 262, in __init__
    self.validateOptions()
  File "/cvmfs/cms.cern.ch/crab3/slc6_amd64_gcc493/cms/crabclient/3.3.1805.patch1/lib/python2.7/site-packages/CRABClient/Commands/status.py", line 1019, in validateOptions
    SubCommand.validateOptions(self)
  File "/cvmfs/cms.cern.ch/crab3/slc6_amd64_gcc493/cms/crabclient/3.3.1805.patch1/lib/python2.7/site-packages/CRABClient/Commands/SubCommand.py", line 580, in validateOptions
    self.loadLocalCache()
  File "/cvmfs/cms.cern.ch/crab3/slc6_amd64_gcc493/cms/crabclient/3.3.1805.patch1/lib/python2.7/site-packages/CRABClient/Commands/SubCommand.py", line 441, in loadLocalCache
    raise ex
CachefileNotFoundException: Cannot find .requestcache file in CRAB project directory /u/user/sangilpark/WorkDir/CP_Violation/CMSSW_9_4_6_patch1/src/CMSAnalyses/SSBAnalyzer/test/crab/crabdir/crab_TTTo2L2Nu/results
